<?xml version="1.0" encoding="UTF-8"?>
<testng-results ignored="0" total="1" passed="1" failed="0" skipped="0">
  <reporter-output>
  </reporter-output>
  <suite started-at="2024-09-11T17:41:57 IST" name="Default suite" finished-at="2024-09-11T17:41:57 IST" duration-ms="55">
    <groups>
    </groups>
    <test started-at="2024-09-11T17:41:57 IST" name="Default test" finished-at="2024-09-11T17:41:57 IST" duration-ms="55">
      <class name="Selenium.testNG">
        <test-method signature="p1()[pri:0, instance:Selenium.testNG@38cee291]" started-at="2024-09-11T17:41:57 IST" name="p1" finished-at="2024-09-11T17:41:57 IST" duration-ms="13" status="PASS">
          <reporter-output>
          </reporter-output>
        </test-method> <!-- p1 -->
      </class> <!-- Selenium.testNG -->
    </test> <!-- Default test -->
  </suite> <!-- Default suite -->
</testng-results>
