<?xml version="1.0" encoding="UTF-8"?>
<testng-results ignored="0" total="3" passed="3" failed="0" skipped="0">
  <reporter-output>
  </reporter-output>
  <suite started-at="2024-09-26T06:10:35Z" name="Practo" finished-at="2024-09-26T06:12:14Z" duration-ms="98765">
    <groups>
    </groups>
    <test started-at="2024-09-26T06:10:35Z" name="Practo Test" finished-at="2024-09-26T06:12:14Z" duration-ms="98765">
      <class name="PractoTest.PractoTestFile">
        <test-method is-config="true" signature="setUp()[pri:0, instance:PractoTest.PractoTestFile@44821a96]" started-at="2024-09-26T06:10:35Z" name="setUp" finished-at="2024-09-26T06:10:35Z" duration-ms="217" status="PASS">
          <reporter-output>
          </reporter-output>
        </test-method> <!-- setUp -->
        <test-method is-config="true" signature="url()[pri:0, instance:PractoTest.PractoTestFile@44821a96]" started-at="2024-09-26T06:10:35Z" name="url" finished-at="2024-09-26T06:10:41Z" duration-ms="6060" status="PASS">
          <reporter-output>
          </reporter-output>
        </test-method> <!-- url -->
        <test-method signature="validateSpecialization()[pri:1, instance:PractoTest.PractoTestFile@44821a96]" started-at="2024-09-26T06:10:41Z" name="validateSpecialization" finished-at="2024-09-26T06:11:11Z" duration-ms="29422" status="PASS">
          <reporter-output>
          </reporter-output>
        </test-method> <!-- validateSpecialization -->
        <test-method is-config="true" signature="driverQuit()[pri:0, instance:PractoTest.PractoTestFile@44821a96]" started-at="2024-09-26T06:11:11Z" name="driverQuit" finished-at="2024-09-26T06:11:13Z" duration-ms="1668" status="PASS">
          <reporter-output>
          </reporter-output>
        </test-method> <!-- driverQuit -->
        <test-method is-config="true" signature="url()[pri:0, instance:PractoTest.PractoTestFile@44821a96]" started-at="2024-09-26T06:11:13Z" name="url" finished-at="2024-09-26T06:11:18Z" duration-ms="5157" status="PASS">
          <reporter-output>
          </reporter-output>
        </test-method> <!-- url -->
        <test-method signature="validateBookingDetails()[pri:2, instance:PractoTest.PractoTestFile@44821a96]" started-at="2024-09-26T06:11:18Z" name="validateBookingDetails" finished-at="2024-09-26T06:11:35Z" duration-ms="17253" status="PASS">
          <reporter-output>
          </reporter-output>
        </test-method> <!-- validateBookingDetails -->
        <test-method is-config="true" signature="driverQuit()[pri:0, instance:PractoTest.PractoTestFile@44821a96]" started-at="2024-09-26T06:11:35Z" name="driverQuit" finished-at="2024-09-26T06:11:37Z" duration-ms="1575" status="PASS">
          <reporter-output>
          </reporter-output>
        </test-method> <!-- driverQuit -->
        <test-method is-config="true" signature="url()[pri:0, instance:PractoTest.PractoTestFile@44821a96]" started-at="2024-09-26T06:11:37Z" name="url" finished-at="2024-09-26T06:11:42Z" duration-ms="5304" status="PASS">
          <reporter-output>
          </reporter-output>
        </test-method> <!-- url -->
        <test-method signature="filterValidation()[pri:3, instance:PractoTest.PractoTestFile@44821a96]" started-at="2024-09-26T06:11:42Z" name="filterValidation" finished-at="2024-09-26T06:12:12Z" duration-ms="30043" status="PASS">
          <reporter-output>
          </reporter-output>
        </test-method> <!-- filterValidation -->
        <test-method is-config="true" signature="driverQuit()[pri:0, instance:PractoTest.PractoTestFile@44821a96]" started-at="2024-09-26T06:12:12Z" name="driverQuit" finished-at="2024-09-26T06:12:14Z" duration-ms="1672" status="PASS">
          <reporter-output>
          </reporter-output>
        </test-method> <!-- driverQuit -->
        <test-method is-config="true" signature="report()[pri:0, instance:PractoTest.PractoTestFile@44821a96]" started-at="2024-09-26T06:12:14Z" name="report" finished-at="2024-09-26T06:12:14Z" duration-ms="377" status="PASS">
          <reporter-output>
          </reporter-output>
        </test-method> <!-- report -->
      </class> <!-- PractoTest.PractoTestFile -->
    </test> <!-- Practo Test -->
  </suite> <!-- Practo -->
</testng-results>
