<?xml version="1.0" encoding="UTF-8"?>
<!-- Generated by org.testng.reporters.JUnitXMLReporter -->
<testsuite ignored="0" hostname="GT0151" failures="0" tests="3" name="Practo Test" time="114.509" errors="0" timestamp="09 Oct 2024 06:11:01 GMT">
  <testcase classname="PractoTest.PractoTestFile" name="validateSpecialization" time="12.0"/>
  <testcase classname="PractoTest.PractoTestFile" name="validateBookingDetails" time="27.922"/>
  <testcase classname="PractoTest.PractoTestFile" name="filterValidation" time="21.8"/>
</testsuite> <!-- Practo Test -->
