<?xml version="1.0" encoding="UTF-8"?>
<!-- Generated by org.testng.reporters.JUnitReportReporter -->
<testsuite hostname="GT0151" failures="0" tests="3" name="PractoTest.PractoTestFile" time="98.154" errors="0" timestamp="26 Sep 2024 06:12:14 GMT" skipped="0">
  <testcase classname="PractoTest.PractoTestFile" name="validateSpecialization" time="36.398"/>
  <testcase classname="PractoTest.PractoTestFile" name="validateBookingDetails" time="24.078"/>
  <testcase classname="PractoTest.PractoTestFile" name="filterValidation" time="37.678"/>
</testsuite> <!-- PractoTest.PractoTestFile -->
