<?xml version="1.0" encoding="UTF-8"?>
<!-- Generated by org.testng.reporters.JUnitXMLReporter -->
<testsuite ignored="0" hostname="GT0151" failures="0" tests="3" name="Practo Test" time="98.765" errors="0" timestamp="26 Sep 2024 06:12:14 GMT">
  <testcase classname="PractoTest.PractoTestFile" name="validateSpecialization" time="29.422"/>
  <testcase classname="PractoTest.PractoTestFile" name="validateBookingDetails" time="17.253"/>
  <testcase classname="PractoTest.PractoTestFile" name="filterValidation" time="30.043"/>
</testsuite> <!-- Practo Test -->
