<?xml version="1.0" encoding="UTF-8"?>
<!-- Generated by org.testng.reporters.JUnitXMLReporter -->
<testsuite ignored="0" hostname="GT0151" failures="0" tests="9" name="SauceDemoTest" time="23.665" errors="0" timestamp="19 Sep 2024 06:05:42 GMT">
  <testcase classname="SauceDemo.Swag_Labs" name="loginWithvalidCredentials" time="1.325"/>
  <testcase classname="SauceDemo.Swag_Labs" name="loginWithvalidCredentials" time="0.756"/>
  <testcase classname="SauceDemo.Swag_Labs" name="loginWithvalidCredentials" time="0.556"/>
  <testcase classname="SauceDemo.Swag_Labs" name="loginWithvalidCredentials" time="5.575"/>
  <testcase classname="SauceDemo.Swag_Labs" name="loginWithvalidCredentials" time="0.587"/>
  <testcase classname="SauceDemo.Swag_Labs" name="loginWithvalidCredentials" time="0.698"/>
  <testcase classname="SauceDemo.Swag_Labs" name="product_in_cart" time="1.225"/>
  <testcase classname="SauceDemo.Swag_Labs" name="loginWithInValidCredentials" time="0.845"/>
  <testcase classname="SauceDemo.Swag_Labs" name="loginWithInValidCredentials" time="0.525"/>
</testsuite> <!-- SauceDemoTest -->
