<?xml version="1.0" encoding="UTF-8"?>
<!-- Generated by org.testng.reporters.JUnitXMLReporter -->
<testsuite ignored="0" hostname="GT0151" failures="0" tests="9" name="Sauce Demo Test" time="26.037" errors="0" timestamp="20 Sep 2024 11:24:05 GMT">
  <testcase classname="SauceDemo.Swag_Labs" name="loginWithvalidCredentials" time="1.283"/>
  <testcase classname="SauceDemo.Swag_Labs" name="loginWithvalidCredentials" time="0.633"/>
  <testcase classname="SauceDemo.Swag_Labs" name="loginWithvalidCredentials" time="0.714"/>
  <testcase classname="SauceDemo.Swag_Labs" name="loginWithvalidCredentials" time="5.66"/>
  <testcase classname="SauceDemo.Swag_Labs" name="loginWithvalidCredentials" time="0.571"/>
  <testcase classname="SauceDemo.Swag_Labs" name="loginWithvalidCredentials" time="0.592"/>
  <testcase classname="SauceDemo.Swag_Labs" name="product_in_cart" time="7.147"/>
  <testcase classname="SauceDemo.Swag_Labs" name="loginWithInValidCredentials" time="0.633"/>
  <testcase classname="SauceDemo.Swag_Labs" name="loginWithInValidCredentials" time="0.576"/>
</testsuite> <!-- Sauce Demo Test -->
