<?xml version="1.0" encoding="UTF-8"?>
<!-- Generated by org.testng.reporters.JUnitXMLReporter -->
<testsuite ignored="0" hostname="GT0151" failures="0" tests="3" name="Sauce Demo Test(failed)" time="11.196" errors="0" timestamp="18 Sep 2024 10:07:53 GMT">
  <testcase classname="SauceDemo.SwagLabs" name="loginWithvalidCredentials" time="7.186"/>
  <testcase classname="SauceDemo.SwagLabs" name="product_in_cart" time="1.416"/>
  <testcase classname="SauceDemo.SwagLabs" name="loginWithInValidCredentials" time="0.59"/>
</testsuite> <!-- Sauce Demo Test(failed) -->
