<?xml version="1.0" encoding="UTF-8"?>
<testng-results ignored="0" total="9" passed="9" failed="0" skipped="0">
  <reporter-output>
  </reporter-output>
  <suite started-at="2024-09-20T11:23:39Z" name="SauceDemo" finished-at="2024-09-20T11:24:05Z" duration-ms="26037">
    <groups>
    </groups>
    <test started-at="2024-09-20T11:23:39Z" name="Sauce Demo Test" finished-at="2024-09-20T11:24:05Z" duration-ms="26037">
      <class name="SauceDemo.Swag_Labs">
        <test-method is-config="true" signature="setUp()[pri:0, instance:SauceDemo.Swag_Labs@27ff5d15]" started-at="2024-09-20T11:23:39Z" name="setUp" finished-at="2024-09-20T11:23:45Z" duration-ms="6242" status="PASS">
          <reporter-output>
          </reporter-output>
        </test-method> <!-- setUp -->
        <test-method signature="loginWithvalidCredentials()[pri:1, instance:SauceDemo.Swag_Labs@27ff5d15]" started-at="2024-09-20T11:23:45Z" name="loginWithvalidCredentials" finished-at="2024-09-20T11:23:47Z" duration-ms="1283" status="PASS">
          <reporter-output>
          </reporter-output>
        </test-method> <!-- loginWithvalidCredentials -->
        <test-method signature="loginWithvalidCredentials()[pri:1, instance:SauceDemo.Swag_Labs@27ff5d15]" started-at="2024-09-20T11:23:47Z" name="loginWithvalidCredentials" finished-at="2024-09-20T11:23:47Z" duration-ms="633" status="PASS">
          <reporter-output>
          </reporter-output>
        </test-method> <!-- loginWithvalidCredentials -->
        <test-method signature="loginWithvalidCredentials()[pri:1, instance:SauceDemo.Swag_Labs@27ff5d15]" started-at="2024-09-20T11:23:47Z" name="loginWithvalidCredentials" finished-at="2024-09-20T11:23:48Z" duration-ms="714" status="PASS">
          <reporter-output>
          </reporter-output>
        </test-method> <!-- loginWithvalidCredentials -->
        <test-method signature="loginWithvalidCredentials()[pri:1, instance:SauceDemo.Swag_Labs@27ff5d15]" started-at="2024-09-20T11:23:48Z" name="loginWithvalidCredentials" finished-at="2024-09-20T11:23:54Z" duration-ms="5660" status="PASS">
          <reporter-output>
          </reporter-output>
        </test-method> <!-- loginWithvalidCredentials -->
        <test-method signature="loginWithvalidCredentials()[pri:1, instance:SauceDemo.Swag_Labs@27ff5d15]" started-at="2024-09-20T11:23:54Z" name="loginWithvalidCredentials" finished-at="2024-09-20T11:23:54Z" duration-ms="571" status="PASS">
          <reporter-output>
          </reporter-output>
        </test-method> <!-- loginWithvalidCredentials -->
        <test-method signature="loginWithvalidCredentials()[pri:1, instance:SauceDemo.Swag_Labs@27ff5d15]" started-at="2024-09-20T11:23:54Z" name="loginWithvalidCredentials" finished-at="2024-09-20T11:23:55Z" duration-ms="592" status="PASS">
          <reporter-output>
          </reporter-output>
        </test-method> <!-- loginWithvalidCredentials -->
        <test-method signature="product_in_cart()[pri:2, instance:SauceDemo.Swag_Labs@27ff5d15]" started-at="2024-09-20T11:23:55Z" name="product_in_cart" finished-at="2024-09-20T11:24:02Z" duration-ms="7147" status="PASS">
          <reporter-output>
          </reporter-output>
        </test-method> <!-- product_in_cart -->
        <test-method signature="loginWithInValidCredentials()[pri:3, instance:SauceDemo.Swag_Labs@27ff5d15]" started-at="2024-09-20T11:24:02Z" name="loginWithInValidCredentials" finished-at="2024-09-20T11:24:03Z" duration-ms="633" status="PASS">
          <reporter-output>
          </reporter-output>
        </test-method> <!-- loginWithInValidCredentials -->
        <test-method signature="loginWithInValidCredentials()[pri:3, instance:SauceDemo.Swag_Labs@27ff5d15]" started-at="2024-09-20T11:24:03Z" name="loginWithInValidCredentials" finished-at="2024-09-20T11:24:03Z" duration-ms="576" status="PASS">
          <reporter-output>
          </reporter-output>
        </test-method> <!-- loginWithInValidCredentials -->
        <test-method is-config="true" signature="driverQuit()[pri:0, instance:SauceDemo.Swag_Labs@27ff5d15]" started-at="2024-09-20T11:24:03Z" name="driverQuit" finished-at="2024-09-20T11:24:05Z" duration-ms="1939" status="PASS">
          <reporter-output>
          </reporter-output>
        </test-method> <!-- driverQuit -->
      </class> <!-- SauceDemo.Swag_Labs -->
    </test> <!-- Sauce Demo Test -->
  </suite> <!-- SauceDemo -->
</testng-results>
