<?xml version="1.0" encoding="UTF-8"?>
<testng-results ignored="0" total="3" passed="3" failed="0" skipped="0">
  <reporter-output>
  </reporter-output>
  <suite started-at="2024-10-09T06:09:07Z" name="Practo" finished-at="2024-10-09T06:11:01Z" duration-ms="114509">
    <groups>
    </groups>
    <test started-at="2024-10-09T06:09:07Z" name="Practo Test" finished-at="2024-10-09T06:11:01Z" duration-ms="114509">
      <class name="PractoTest.PractoTestFile">
        <test-method is-config="true" signature="setUp()[pri:0, instance:PractoTest.PractoTestFile@44821a96]" started-at="2024-10-09T06:09:07Z" name="setUp" finished-at="2024-10-09T06:09:07Z" duration-ms="364" status="PASS">
          <reporter-output>
          </reporter-output>
        </test-method> <!-- setUp -->
        <test-method is-config="true" signature="url()[pri:0, instance:PractoTest.PractoTestFile@44821a96]" started-at="2024-10-09T06:09:07Z" name="url" finished-at="2024-10-09T06:09:41Z" duration-ms="34054" status="PASS">
          <reporter-output>
          </reporter-output>
        </test-method> <!-- url -->
        <test-method signature="validateSpecialization()[pri:1, instance:PractoTest.PractoTestFile@44821a96]" started-at="2024-10-09T06:09:41Z" name="validateSpecialization" finished-at="2024-10-09T06:09:53Z" duration-ms="12000" status="PASS">
          <reporter-output>
          </reporter-output>
        </test-method> <!-- validateSpecialization -->
        <test-method is-config="true" signature="driverQuit()[pri:0, instance:PractoTest.PractoTestFile@44821a96]" started-at="2024-10-09T06:09:53Z" name="driverQuit" finished-at="2024-10-09T06:09:55Z" duration-ms="1795" status="PASS">
          <reporter-output>
          </reporter-output>
        </test-method> <!-- driverQuit -->
        <test-method is-config="true" signature="url()[pri:0, instance:PractoTest.PractoTestFile@44821a96]" started-at="2024-10-09T06:09:55Z" name="url" finished-at="2024-10-09T06:10:02Z" duration-ms="6730" status="PASS">
          <reporter-output>
          </reporter-output>
        </test-method> <!-- url -->
        <test-method signature="validateBookingDetails()[pri:2, instance:PractoTest.PractoTestFile@44821a96]" started-at="2024-10-09T06:10:02Z" name="validateBookingDetails" finished-at="2024-10-09T06:10:30Z" duration-ms="27922" status="PASS">
          <reporter-output>
          </reporter-output>
        </test-method> <!-- validateBookingDetails -->
        <test-method is-config="true" signature="driverQuit()[pri:0, instance:PractoTest.PractoTestFile@44821a96]" started-at="2024-10-09T06:10:30Z" name="driverQuit" finished-at="2024-10-09T06:10:31Z" duration-ms="1910" status="PASS">
          <reporter-output>
          </reporter-output>
        </test-method> <!-- driverQuit -->
        <test-method is-config="true" signature="url()[pri:0, instance:PractoTest.PractoTestFile@44821a96]" started-at="2024-10-09T06:10:31Z" name="url" finished-at="2024-10-09T06:10:37Z" duration-ms="5245" status="PASS">
          <reporter-output>
          </reporter-output>
        </test-method> <!-- url -->
        <test-method signature="filterValidation()[pri:3, instance:PractoTest.PractoTestFile@44821a96]" started-at="2024-10-09T06:10:37Z" name="filterValidation" finished-at="2024-10-09T06:10:59Z" duration-ms="21800" status="PASS">
          <reporter-output>
          </reporter-output>
        </test-method> <!-- filterValidation -->
        <test-method is-config="true" signature="driverQuit()[pri:0, instance:PractoTest.PractoTestFile@44821a96]" started-at="2024-10-09T06:10:59Z" name="driverQuit" finished-at="2024-10-09T06:11:00Z" duration-ms="1874" status="PASS">
          <reporter-output>
          </reporter-output>
        </test-method> <!-- driverQuit -->
        <test-method is-config="true" signature="report()[pri:0, instance:PractoTest.PractoTestFile@44821a96]" started-at="2024-10-09T06:11:00Z" name="report" finished-at="2024-10-09T06:11:01Z" duration-ms="794" status="PASS">
          <reporter-output>
          </reporter-output>
        </test-method> <!-- report -->
      </class> <!-- PractoTest.PractoTestFile -->
    </test> <!-- Practo Test -->
  </suite> <!-- Practo -->
</testng-results>
