<?xml version="1.0" encoding="UTF-8"?>
<!-- Generated by org.testng.reporters.JUnitReportReporter -->
<testsuite hostname="GT0151" failures="0" tests="3" name="PractoTest.PractoTestFile" time="113.330" errors="0" timestamp="09 Oct 2024 06:11:02 GMT" skipped="0">
  <testcase classname="PractoTest.PractoTestFile" name="validateSpecialization" time="19.040"/>
  <testcase classname="PractoTest.PractoTestFile" name="validateBookingDetails" time="36.526"/>
  <testcase classname="PractoTest.PractoTestFile" name="filterValidation" time="57.764"/>
</testsuite> <!-- PractoTest.PractoTestFile -->
