<?xml version="1.0" encoding="UTF-8"?>
<!-- Generated by org.testng.reporters.JUnitReportReporter -->
<testsuite hostname="GT0151" failures="0" tests="3" name="SauceDemo.ProductTest" time="3.343" errors="0" timestamp="16 Sep 2024 07:38:06 GMT" skipped="0">
  <testcase classname="SauceDemo.ProductTest" name="adding" time="1.326"/>
  <testcase classname="SauceDemo.ProductTest" name="removing" time="0.098"/>
  <testcase classname="SauceDemo.ProductTest" name="out" time="1.919"/>
</testsuite> <!-- SauceDemo.ProductTest -->
