<?xml version="1.0" encoding="UTF-8"?>
<!-- Generated by org.testng.reporters.JUnitReportReporter -->
<testsuite hostname="GT0151" failures="0" tests="3" name="SauceDemo.SwagLabs" time="8.141" errors="0" timestamp="20 Sep 2024 11:21:35 GMT" skipped="0">
  <testcase classname="SauceDemo.SwagLabs" name="loginWithvalidCredentials" time="0.607"/>
  <testcase classname="SauceDemo.SwagLabs" name="product_in_cart" time="7.029"/>
  <testcase classname="SauceDemo.SwagLabs" name="loginWithInValidCredentials" time="0.505"/>
</testsuite> <!-- SauceDemo.SwagLabs -->
