<?xml version="1.0" encoding="UTF-8"?>
<!-- Generated by org.testng.reporters.JUnitXMLReporter -->
<testsuite ignored="0" hostname="GT0151" failures="0" tests="3" name="Default test" time="14.344" errors="0" timestamp="18 Sep 2024 12:23:57 GMT">
  <testcase classname="SauceDemo.SwagLabs" name="loginWithvalidCredentials" time="0.571"/>
  <testcase classname="SauceDemo.SwagLabs" name="product_in_cart" time="0.947"/>
  <testcase classname="SauceDemo.SwagLabs" name="loginWithInValidCredentials" time="0.448"/>
</testsuite> <!-- Default test -->
